<?xml version="1.0" encoding="UTF-8"?>
<!-- Generated by org.testng.reporters.JUnitXMLReporter -->
<testsuite ignored="0" hostname="LAPTOP-FN3URP3M" failures="1" tests="1" name="Test1" time="16.697" errors="0" timestamp="2024-08-09T02:30:25 IST">
  <testcase classname="io.cucumber.testng.AbstractTestNGCucumberTests" name="runScenario" time="13.886">
    <failure type="org.openqa.selenium.TimeoutException" message="Expected condition failed: waiting for framework.Z$1@2e0fd79f (tried for 12 second(s) with 1000 milliseconds interval)
Build info: version: &amp;apos;4.20.0&amp;apos;, revision: &amp;apos;866c76ca80&amp;apos;
System info: os.name: &amp;apos;Windows 11&amp;apos;, os.arch: &amp;apos;amd64&amp;apos;, os.version: &amp;apos;10.0&amp;apos;, java.version: &amp;apos;21.0.4&amp;apos;
Driver info: driver.version: unknown">
      <![CDATA[org.openqa.selenium.TimeoutException: Expected condition failed: waiting for framework.Z$1@2e0fd79f (tried for 12 second(s) with 1000 milliseconds interval)
Build info: version: '4.20.0', revision: '866c76ca80'
System info: os.name: 'Windows 11', os.arch: 'amd64', os.version: '10.0', java.version: '21.0.4'
Driver info: driver.version: unknown
at org.openqa.selenium.support.ui.FluentWait.timeoutException(FluentWait.java:265)
at org.openqa.selenium.support.ui.FluentWait.until(FluentWait.java:228)
at framework.Z.waitForWebelement(Z.java:32)
at framework.Z.click(Z.java:45)
at stepDefination.LoginStepImpl.i_am_google_page(LoginStepImpl.java:25)
at ✽.I am google page(file:///C:/Users/ANAND%20KUMAR/eclipse-workspace/Ui_Automation/src/test/java/features/Login.feature:10)
]]>
    </failure>
  </testcase> <!-- runScenario -->
</testsuite> <!-- Test1 -->
