<?xml version="1.0" encoding="UTF-8"?>
<testng-results ignored="0" total="2" passed="0" failed="2" skipped="0">
  <reporter-output>
  </reporter-output>
  <suite started-at="2024-08-09T02:25:27 IST" name="Suite" finished-at="2024-08-09T02:26:07 IST" duration-ms="39409">
    <groups>
      <group name="cucumber">
        <method signature="AbstractTestNGCucumberTests.runScenario(io.cucumber.testng.PickleWrapper,io.cucumber.testng.FeatureWrapper)[pri:0, instance:testRunner.L0Runner$CucumberRunnerTests@4681c175]" name="runScenario" class="io.cucumber.testng.AbstractTestNGCucumberTests"/>
        <method signature="AbstractTestNGCucumberTests.runScenario(io.cucumber.testng.PickleWrapper,io.cucumber.testng.FeatureWrapper)[pri:0, instance:testRunner.L0Runner$CucumberRunnerTests@c430e6c]" name="runScenario" class="io.cucumber.testng.AbstractTestNGCucumberTests"/>
      </group> <!-- cucumber -->
    </groups>
    <test started-at="2024-08-09T02:25:27 IST" name="Test1" finished-at="2024-08-09T02:25:50 IST" duration-ms="22936">
      <class name="testRunner.L0Runner$CucumberRunnerTests">
        <test-method is-config="true" signature="setUpClass(org.testng.ITestContext)[pri:0, instance:testRunner.L0Runner$CucumberRunnerTests@4681c175]" started-at="2024-08-09T02:25:27 IST" name="setUpClass" finished-at="2024-08-09T02:25:28 IST" duration-ms="322" status="PASS">
          <params>
            <param index="0">
              <value>
                <![CDATA[org.testng.TestRunner@340a8894]]>
              </value>
            </param>
          </params>
          <reporter-output>
          </reporter-output>
        </test-method> <!-- setUpClass -->
        <test-method is-config="true" signature="beforeMrthod(java.lang.String)[pri:0, instance:testRunner.L0Runner$CucumberRunnerTests@4681c175]" started-at="2024-08-09T02:25:28 IST" name="beforeMrthod" finished-at="2024-08-09T02:25:35 IST" duration-ms="7716" status="PASS">
          <params>
            <param index="0">
              <value>
                <![CDATA[chrome]]>
              </value>
            </param>
          </params>
          <reporter-output>
          </reporter-output>
        </test-method> <!-- beforeMrthod -->
        <test-method signature="runScenario(io.cucumber.testng.PickleWrapper,io.cucumber.testng.FeatureWrapper)[pri:0, instance:testRunner.L0Runner$CucumberRunnerTests@4681c175]" started-at="2024-08-09T02:25:35 IST" name="runScenario" description="Runs Cucumber Scenarios" data-provider="scenarios" finished-at="2024-08-09T02:25:49 IST" duration-ms="13914" status="FAIL">
          <params>
            <param index="0">
              <value>
                <![CDATA["Verify user should be able to login with valid creds"]]>
              </value>
            </param>
            <param index="1">
              <value>
                <![CDATA["Login Page"]]>
              </value>
            </param>
          </params>
          <exception class="org.openqa.selenium.TimeoutException">
            <message>
              <![CDATA[Expected condition failed: waiting for framework.Z$1@2a331b46 (tried for 12 second(s) with 1000 milliseconds interval)
Build info: version: '4.20.0', revision: '866c76ca80'
System info: os.name: 'Windows 11', os.arch: 'amd64', os.version: '10.0', java.version: '21.0.4'
Driver info: driver.version: unknown]]>
            </message>
            <full-stacktrace>
              <![CDATA[org.openqa.selenium.TimeoutException: Expected condition failed: waiting for framework.Z$1@2a331b46 (tried for 12 second(s) with 1000 milliseconds interval)
Build info: version: '4.20.0', revision: '866c76ca80'
System info: os.name: 'Windows 11', os.arch: 'amd64', os.version: '10.0', java.version: '21.0.4'
Driver info: driver.version: unknown
at org.openqa.selenium.support.ui.FluentWait.timeoutException(FluentWait.java:265)
at org.openqa.selenium.support.ui.FluentWait.until(FluentWait.java:228)
at framework.Z.waitForWebelement(Z.java:32)
at framework.Z.click(Z.java:45)
at stepDefination.LoginStepImpl.i_am_google_page(LoginStepImpl.java:25)
at ✽.I am google page(file:///C:/Users/ANAND%20KUMAR/eclipse-workspace/Ui_Automation/src/test/java/features/Login.feature:10)
]]>
            </full-stacktrace>
          </exception> <!-- org.openqa.selenium.TimeoutException -->
          <reporter-output>
          </reporter-output>
        </test-method> <!-- runScenario -->
        <test-method is-config="true" signature="afterMrthod()[pri:0, instance:testRunner.L0Runner$CucumberRunnerTests@4681c175]" started-at="2024-08-09T02:25:49 IST" name="afterMrthod" finished-at="2024-08-09T02:25:50 IST" duration-ms="751" status="PASS">
          <reporter-output>
          </reporter-output>
        </test-method> <!-- afterMrthod -->
        <test-method is-config="true" signature="tearDownClass()[pri:0, instance:testRunner.L0Runner$CucumberRunnerTests@4681c175]" started-at="2024-08-09T02:25:50 IST" name="tearDownClass" finished-at="2024-08-09T02:25:50 IST" duration-ms="35" status="PASS">
          <reporter-output>
          </reporter-output>
        </test-method> <!-- tearDownClass -->
      </class> <!-- testRunner.L0Runner$CucumberRunnerTests -->
    </test> <!-- Test1 -->
    <test started-at="2024-08-09T02:25:50 IST" name="Test2" finished-at="2024-08-09T02:26:07 IST" duration-ms="16453">
      <class name="testRunner.L0Runner$CucumberRunnerTests">
        <test-method is-config="true" signature="beforeSuite(java.lang.String,java.lang.String,java.lang.String)[pri:0, instance:testRunner.L0Runner$CucumberRunnerTests@c430e6c]" started-at="2024-08-09T02:25:27 IST" name="beforeSuite" finished-at="2024-08-09T02:25:27 IST" duration-ms="52" status="PASS">
          <params>
            <param index="0">
              <value>
                <![CDATA[@ASD]]>
              </value>
            </param>
            <param index="1">
              <value>
                <![CDATA[AUSUAT]]>
              </value>
            </param>
            <param index="2">
              <value>
                <![CDATA[QMSSANITY]]>
              </value>
            </param>
          </params>
          <reporter-output>
          </reporter-output>
        </test-method> <!-- beforeSuite -->
        <test-method is-config="true" signature="setUpClass(org.testng.ITestContext)[pri:0, instance:testRunner.L0Runner$CucumberRunnerTests@c430e6c]" started-at="2024-08-09T02:25:50 IST" name="setUpClass" finished-at="2024-08-09T02:25:50 IST" duration-ms="10" status="PASS">
          <params>
            <param index="0">
              <value>
                <![CDATA[org.testng.TestRunner@7a8b9166]]>
              </value>
            </param>
          </params>
          <reporter-output>
          </reporter-output>
        </test-method> <!-- setUpClass -->
        <test-method is-config="true" signature="beforeMrthod(java.lang.String)[pri:0, instance:testRunner.L0Runner$CucumberRunnerTests@c430e6c]" started-at="2024-08-09T02:25:50 IST" name="beforeMrthod" finished-at="2024-08-09T02:25:52 IST" duration-ms="1458" status="PASS">
          <params>
            <param index="0">
              <value>
                <![CDATA[edge]]>
              </value>
            </param>
          </params>
          <reporter-output>
          </reporter-output>
        </test-method> <!-- beforeMrthod -->
        <test-method signature="runScenario(io.cucumber.testng.PickleWrapper,io.cucumber.testng.FeatureWrapper)[pri:0, instance:testRunner.L0Runner$CucumberRunnerTests@c430e6c]" started-at="2024-08-09T02:25:52 IST" name="runScenario" description="Runs Cucumber Scenarios" data-provider="scenarios" finished-at="2024-08-09T02:26:05 IST" duration-ms="13609" status="FAIL">
          <params>
            <param index="0">
              <value>
                <![CDATA["Verify user should be able to login with valid creds"]]>
              </value>
            </param>
            <param index="1">
              <value>
                <![CDATA["Login Page"]]>
              </value>
            </param>
          </params>
          <exception class="org.openqa.selenium.TimeoutException">
            <message>
              <![CDATA[Expected condition failed: waiting for framework.Z$1@2a4f5433 (tried for 12 second(s) with 1000 milliseconds interval)
Build info: version: '4.20.0', revision: '866c76ca80'
System info: os.name: 'Windows 11', os.arch: 'amd64', os.version: '10.0', java.version: '21.0.4'
Driver info: driver.version: unknown]]>
            </message>
            <full-stacktrace>
              <![CDATA[org.openqa.selenium.TimeoutException: Expected condition failed: waiting for framework.Z$1@2a4f5433 (tried for 12 second(s) with 1000 milliseconds interval)
Build info: version: '4.20.0', revision: '866c76ca80'
System info: os.name: 'Windows 11', os.arch: 'amd64', os.version: '10.0', java.version: '21.0.4'
Driver info: driver.version: unknown
at org.openqa.selenium.support.ui.FluentWait.timeoutException(FluentWait.java:265)
at org.openqa.selenium.support.ui.FluentWait.until(FluentWait.java:228)
at framework.Z.waitForWebelement(Z.java:32)
at framework.Z.click(Z.java:45)
at stepDefination.LoginStepImpl.i_am_google_page(LoginStepImpl.java:25)
at ✽.I am google page(file:///C:/Users/ANAND%20KUMAR/eclipse-workspace/Ui_Automation/src/test/java/features/Login.feature:10)
]]>
            </full-stacktrace>
          </exception> <!-- org.openqa.selenium.TimeoutException -->
          <reporter-output>
          </reporter-output>
        </test-method> <!-- runScenario -->
        <test-method is-config="true" signature="afterMrthod()[pri:0, instance:testRunner.L0Runner$CucumberRunnerTests@c430e6c]" started-at="2024-08-09T02:26:05 IST" name="afterMrthod" finished-at="2024-08-09T02:26:07 IST" duration-ms="1240" status="PASS">
          <reporter-output>
          </reporter-output>
        </test-method> <!-- afterMrthod -->
        <test-method is-config="true" signature="tearDownClass()[pri:0, instance:testRunner.L0Runner$CucumberRunnerTests@c430e6c]" started-at="2024-08-09T02:26:07 IST" name="tearDownClass" finished-at="2024-08-09T02:26:07 IST" duration-ms="13" status="PASS">
          <reporter-output>
          </reporter-output>
        </test-method> <!-- tearDownClass -->
        <test-method is-config="true" signature="afterSuite()[pri:0, instance:testRunner.L0Runner$CucumberRunnerTests@c430e6c]" started-at="2024-08-09T02:26:07 IST" name="afterSuite" finished-at="2024-08-09T02:26:07 IST" duration-ms="0" status="PASS">
          <reporter-output>
          </reporter-output>
        </test-method> <!-- afterSuite -->
      </class> <!-- testRunner.L0Runner$CucumberRunnerTests -->
    </test> <!-- Test2 -->
  </suite> <!-- Suite -->
</testng-results>
