<?xml version="1.0" encoding="UTF-8"?>
<testsuite xmlns:xsi="http://www.w3.org/2001/XMLSchema-instance" xsi:noNamespaceSchemaLocation="https://maven.apache.org/surefire/maven-surefire-plugin/xsd/surefire-test-report-3.0.xsd" version="3.0" name="TestSuite" time="17.492" tests="2" errors="0" skipped="0" failures="2">
  <properties>
[...]
</properties>
  <testcase name="runScenario[&quot;Verify user should be able to login with valid creds&quot;, &quot;Login Page&quot;](1)" classname="testRunner.L0Runner$CucumberRunnerTests" time="13.893">
    <failure message="Expected condition failed: waiting for framework.Z$1@2e0fd79f (tried for 12 second(s) with 1000 milliseconds interval)&#10;Build info: version: &apos;4.20.0&apos;, revision: &apos;866c76ca80&apos;&#10;System info: os.name: &apos;Windows 11&apos;, os.arch: &apos;amd64&apos;, os.version: &apos;10.0&apos;, java.version: &apos;21.0.4&apos;&#10;Driver info: driver.version: unknown" type="org.openqa.selenium.TimeoutException"><![CDATA[org.openqa.selenium.TimeoutException: 
Expected condition failed: waiting for framework.Z$1@2e0fd79f (tried for 12 second(s) with 1000 milliseconds interval)
Build info: version: '4.20.0', revision: '866c76ca80'
System info: os.name: 'Windows 11', os.arch: 'amd64', os.version: '10.0', java.version: '21.0.4'
Driver info: driver.version: unknown
]]></failure>
    <system-out><![CDATA[Author of the first book: 1001

@ASD @ASD
Scenario: Verify user should be able to login with valid creds # src/test/java/features/Login.feature:9

@ASD @ASD
Scenario: Verify user should be able to login with valid creds # src/test/java/features/Login.feature:9
ANAND Kumar https://www.google.co.in/_____________________________
ANAND Kumar https://www.google.co.in/_____________________________
[{"id":"5001","type":"None"},{"id":"5002","type":"Glazed"},{"id":"5005","type":"Sugar"},{"id":"5007","type":"Powdered Sugar"},{"id":"5006","type":"Chocolate with Sprinkles"},{"id":"5003","type":"Chocolate"},{"id":"5004","type":"Maple"}]
[{"id":"5001","type":"None"},{"id":"5002","type":"Glazed"},{"id":"5005","type":"Sugar"},{"id":"5007","type":"Powdered Sugar"},{"id":"5006","type":"Chocolate with Sprinkles"},{"id":"5003","type":"Chocolate"},{"id":"5004","type":"Maple"}]
  Given I am google page                                       # stepDefination.LoginStepImpl.i_am_google_page()
      org.openqa.selenium.TimeoutException: Expected condition failed: waiting for framework.Z$1@2e0fd79f (tried for 12 second(s) with 1000 milliseconds interval)
Build info: version: '4.20.0', revision: '866c76ca80'
System info: os.name: 'Windows 11', os.arch: 'amd64', os.version: '10.0', java.version: '21.0.4'
Driver info: driver.version: unknown
	at org.openqa.selenium.support.ui.FluentWait.timeoutException(FluentWait.java:265)
	at org.openqa.selenium.support.ui.FluentWait.until(FluentWait.java:228)
	at framework.Z.waitForWebelement(Z.java:32)
	at framework.Z.click(Z.java:45)
	at stepDefination.LoginStepImpl.i_am_google_page(LoginStepImpl.java:25)
	at ✽.I am google page(file:///C:/Users/ANAND%20KUMAR/eclipse-workspace/Ui_Automation/src/test/java/features/Login.feature:10)

  Given I am google page                                       # stepDefination.LoginStepImpl.i_am_google_page()
      org.openqa.selenium.TimeoutException: Expected condition failed: waiting for framework.Z$1@5386333f (tried for 12 second(s) with 1000 milliseconds interval)
Build info: version: '4.20.0', revision: '866c76ca80'
System info: os.name: 'Windows 11', os.arch: 'amd64', os.version: '10.0', java.version: '21.0.4'
Driver info: driver.version: unknown
	at org.openqa.selenium.support.ui.FluentWait.timeoutException(FluentWait.java:265)
	at org.openqa.selenium.support.ui.FluentWait.until(FluentWait.java:228)
	at framework.Z.waitForWebelement(Z.java:32)
	at framework.Z.click(Z.java:45)
	at stepDefination.LoginStepImpl.i_am_google_page(LoginStepImpl.java:25)
	at ✽.I am google page(file:///C:/Users/ANAND%20KUMAR/eclipse-workspace/Ui_Automation/src/test/java/features/Login.feature:10)

]]></system-out>
    <system-err><![CDATA[SLF4J: Failed to load class "org.slf4j.impl.StaticLoggerBinder".
SLF4J: Defaulting to no-operation (NOP) logger implementation
SLF4J: See http://www.slf4j.org/codes.html#StaticLoggerBinder for further details.
Aug 09, 2024 2:30:10 AM org.openqa.selenium.devtools.CdpVersionFinder findNearestMatch
WARNING: Unable to find an exact match for CDP version 127, returning the closest version; found: 124; Please update to a Selenium version that supports CDP version 127
Aug 09, 2024 2:30:10 AM org.openqa.selenium.devtools.CdpVersionFinder findNearestMatch
WARNING: Unable to find an exact match for CDP version 127, returning the closest version; found: 124; Please update to a Selenium version that supports CDP version 127
]]></system-err>
  </testcase>
  <testcase name="runScenario[&quot;Verify user should be able to login with valid creds&quot;, &quot;Login Page&quot;](1)" classname="testRunner.L0Runner$CucumberRunnerTests" time="13.894">
    <failure message="Expected condition failed: waiting for framework.Z$1@5386333f (tried for 12 second(s) with 1000 milliseconds interval)&#10;Build info: version: &apos;4.20.0&apos;, revision: &apos;866c76ca80&apos;&#10;System info: os.name: &apos;Windows 11&apos;, os.arch: &apos;amd64&apos;, os.version: &apos;10.0&apos;, java.version: &apos;21.0.4&apos;&#10;Driver info: driver.version: unknown" type="org.openqa.selenium.TimeoutException"><![CDATA[org.openqa.selenium.TimeoutException: 
Expected condition failed: waiting for framework.Z$1@5386333f (tried for 12 second(s) with 1000 milliseconds interval)
Build info: version: '4.20.0', revision: '866c76ca80'
System info: os.name: 'Windows 11', os.arch: 'amd64', os.version: '10.0', java.version: '21.0.4'
Driver info: driver.version: unknown
]]></failure>
  </testcase>
</testsuite>